1566276910726	mozrunner::runner	INFO	Running command: "/Applications/Firefox.app/Contents/MacOS/firefox-bin" "-marionette" "-foreground" "-no-remote" "-profile" "/var/folders/rq/vnqpbgxs43xdbspl7n25__zr0000gn/T/rust_mozprofile.PYZQvnDjjyhe"
1566276912846	addons.webextension.screenshots@mozilla.org	WARN	Loading extension 'screenshots@mozilla.org': Reading manifest: Invalid extension permission: mozillaAddons
1566276912846	addons.webextension.screenshots@mozilla.org	WARN	Loading extension 'screenshots@mozilla.org': Reading manifest: Invalid extension permission: telemetry
1566276912846	addons.webextension.screenshots@mozilla.org	WARN	Loading extension 'screenshots@mozilla.org': Reading manifest: Invalid extension permission: resource://pdf.js/
1566276912846	addons.webextension.screenshots@mozilla.org	WARN	Loading extension 'screenshots@mozilla.org': Reading manifest: Invalid extension permission: about:reader*
1566276915128	Marionette	INFO	Listening on port 52775
1566276915204	Marionette	WARN	TLS certificate errors will be ignored for this session
WebGL(0x133277000)::ForceLoseContext
WebGL(0x1504cf000)::ForceLoseContext
WebGL(0x155674800)::ForceLoseContext
console.error: BroadcastService: 
  receivedBroadcastMessage: handler for
  remote-settings/monitor_changes
  threw error:
  Message: Error: Polling for changes failed: http://%(server)s/dummy/blocklist//buckets/monitor/collections/changes/records?_expected=%221566233826256%22 is not a valid URL..
  Stack:
    remoteSettingsFunction/remoteSettings.pollChanges@resource://services-settings/remote-settings.js:201:13

1566277200435	mozrunner::runner	INFO	Running command: "/Applications/Firefox.app/Contents/MacOS/firefox-bin" "-marionette" "-foreground" "-no-remote" "-profile" "/var/folders/rq/vnqpbgxs43xdbspl7n25__zr0000gn/T/rust_mozprofile.jY7i2wGKMX2E"
1566277201103	addons.webextension.screenshots@mozilla.org	WARN	Loading extension 'screenshots@mozilla.org': Reading manifest: Invalid extension permission: mozillaAddons
1566277201104	addons.webextension.screenshots@mozilla.org	WARN	Loading extension 'screenshots@mozilla.org': Reading manifest: Invalid extension permission: telemetry
1566277201104	addons.webextension.screenshots@mozilla.org	WARN	Loading extension 'screenshots@mozilla.org': Reading manifest: Invalid extension permission: resource://pdf.js/
1566277201104	addons.webextension.screenshots@mozilla.org	WARN	Loading extension 'screenshots@mozilla.org': Reading manifest: Invalid extension permission: about:reader*
1566277203226	Marionette	INFO	Listening on port 52995
1566277203380	Marionette	WARN	TLS certificate errors will be ignored for this session
[GFX1-]: Receive IPC close with reason=AbnormalShutdown
[Child 57040, Chrome_ChildThread] WARNING: pipe error: Broken pipe: file /builds/worker/workspace/build/src/ipc/chromium/src/chrome/common/ipc_channel_posix.cc, line 727
Exiting due to channel error.
[GFX1-]: Receive IPC close with reason=AbnormalShutdown
Exiting due to channel error.
[GFX1-]: Receive IPC close with reason=AbnormalShutdown
Exiting due to channel error.
1566277229147	mozrunner::runner	INFO	Running command: "/Applications/Firefox.app/Contents/MacOS/firefox-bin" "-marionette" "-foreground" "-no-remote" "-profile" "/var/folders/rq/vnqpbgxs43xdbspl7n25__zr0000gn/T/rust_mozprofile.o8gIe2LHm9Iw"
1566277229687	addons.webextension.screenshots@mozilla.org	WARN	Loading extension 'screenshots@mozilla.org': Reading manifest: Invalid extension permission: mozillaAddons
1566277229687	addons.webextension.screenshots@mozilla.org	WARN	Loading extension 'screenshots@mozilla.org': Reading manifest: Invalid extension permission: telemetry
1566277229688	addons.webextension.screenshots@mozilla.org	WARN	Loading extension 'screenshots@mozilla.org': Reading manifest: Invalid extension permission: resource://pdf.js/
1566277229688	addons.webextension.screenshots@mozilla.org	WARN	Loading extension 'screenshots@mozilla.org': Reading manifest: Invalid extension permission: about:reader*
1566277231891	Marionette	INFO	Listening on port 53063
1566277231923	Marionette	WARN	TLS certificate errors will be ignored for this session
[GFX1-]: Receive IPC close with reason=AbnormalShutdown
[Child 57129, Chrome_ChildThread] WARNING: pipe error: Broken pipe: file /builds/worker/workspace/build/src/ipc/chromium/src/chrome/common/ipc_channel_posix.cc, line 727
[GFX1-]: Receive IPC close with reason=AbnormalShutdown
Exiting due to channel error.
Exiting due to channel error.
[GFX1-]: Receive IPC close with reason=AbnormalShutdown
Exiting due to channel error.
1566277257822	mozrunner::runner	INFO	Running command: "/Applications/Firefox.app/Contents/MacOS/firefox-bin" "-marionette" "-foreground" "-no-remote" "-profile" "/var/folders/rq/vnqpbgxs43xdbspl7n25__zr0000gn/T/rust_mozprofile.MZesQNLrOuwX"
1566277258350	addons.webextension.screenshots@mozilla.org	WARN	Loading extension 'screenshots@mozilla.org': Reading manifest: Invalid extension permission: mozillaAddons
1566277258350	addons.webextension.screenshots@mozilla.org	WARN	Loading extension 'screenshots@mozilla.org': Reading manifest: Invalid extension permission: telemetry
1566277258350	addons.webextension.screenshots@mozilla.org	WARN	Loading extension 'screenshots@mozilla.org': Reading manifest: Invalid extension permission: resource://pdf.js/
1566277258350	addons.webextension.screenshots@mozilla.org	WARN	Loading extension 'screenshots@mozilla.org': Reading manifest: Invalid extension permission: about:reader*
1566277260268	Marionette	INFO	Listening on port 53130
1566277260294	Marionette	WARN	TLS certificate errors will be ignored for this session
[GFX1-]: Receive IPC close with reason=AbnormalShutdown
[Child 57174, Chrome_ChildThread] WARNING: pipe error: Broken pipe: file /builds/worker/workspace/build/src/ipc/chromium/src/chrome/common/ipc_channel_posix.cc, line 727
Exiting due to channel error.
[GFX1-]: Receive IPC close with reason=AbnormalShutdown
Exiting due to channel error.
[GFX1-]: Receive IPC close with reason=AbnormalShutdown
Exiting due to channel error.
1566277282241	mozrunner::runner	INFO	Running command: "/Applications/Firefox.app/Contents/MacOS/firefox-bin" "-marionette" "-foreground" "-no-remote" "-profile" "/var/folders/rq/vnqpbgxs43xdbspl7n25__zr0000gn/T/rust_mozprofile.j7eS946xBsF3"
1566277282783	addons.webextension.screenshots@mozilla.org	WARN	Loading extension 'screenshots@mozilla.org': Reading manifest: Invalid extension permission: mozillaAddons
1566277282784	addons.webextension.screenshots@mozilla.org	WARN	Loading extension 'screenshots@mozilla.org': Reading manifest: Invalid extension permission: telemetry
1566277282784	addons.webextension.screenshots@mozilla.org	WARN	Loading extension 'screenshots@mozilla.org': Reading manifest: Invalid extension permission: resource://pdf.js/
1566277282784	addons.webextension.screenshots@mozilla.org	WARN	Loading extension 'screenshots@mozilla.org': Reading manifest: Invalid extension permission: about:reader*
1566277284671	Marionette	INFO	Listening on port 53195
1566277284726	Marionette	WARN	TLS certificate errors will be ignored for this session
console.warn: LoginRecipes: "getRecipes: falling back to a synchronous message for:" "http://www.cn-healthcare.com"
console.warn: nsLoginManager: "searchLogins: `formSubmitURL` or `httpRealm` is recommended"
[Parent 56562, Gecko_IOThread] WARNING: pipe error: Broken pipe: file /builds/worker/workspace/build/src/ipc/chromium/src/chrome/common/ipc_channel_posix.cc, line 727
1566277361622	Marionette	INFO	Stopped listening on port 52775
console.warn: "Error while detaching the thread front: 'detach' request packet to 'server1.conn0.child1/context18' can't be sent as the connection is closed."
1566277363630	Marionette	INFO	Stopped listening on port 53195
1566277936888	mozrunner::runner	INFO	Running command: "/Applications/Firefox.app/Contents/MacOS/firefox-bin" "-marionette" "-foreground" "-no-remote" "-profile" "/var/folders/rq/vnqpbgxs43xdbspl7n25__zr0000gn/T/rust_mozprofile.isFrGsSdyS2f"
1566277937377	addons.webextension.screenshots@mozilla.org	WARN	Loading extension 'screenshots@mozilla.org': Reading manifest: Invalid extension permission: mozillaAddons
1566277937377	addons.webextension.screenshots@mozilla.org	WARN	Loading extension 'screenshots@mozilla.org': Reading manifest: Invalid extension permission: telemetry
1566277937377	addons.webextension.screenshots@mozilla.org	WARN	Loading extension 'screenshots@mozilla.org': Reading manifest: Invalid extension permission: resource://pdf.js/
1566277937377	addons.webextension.screenshots@mozilla.org	WARN	Loading extension 'screenshots@mozilla.org': Reading manifest: Invalid extension permission: about:reader*
1566277939260	Marionette	INFO	Listening on port 53319
1566277939281	Marionette	WARN	TLS certificate errors will be ignored for this session
1566278089301	mozrunner::runner	INFO	Running command: "/Applications/Firefox.app/Contents/MacOS/firefox-bin" "-marionette" "-foreground" "-no-remote" "-profile" "/var/folders/rq/vnqpbgxs43xdbspl7n25__zr0000gn/T/rust_mozprofile.rCMWKUXRrQmq"
1566278089796	addons.webextension.screenshots@mozilla.org	WARN	Loading extension 'screenshots@mozilla.org': Reading manifest: Invalid extension permission: mozillaAddons
1566278089796	addons.webextension.screenshots@mozilla.org	WARN	Loading extension 'screenshots@mozilla.org': Reading manifest: Invalid extension permission: telemetry
1566278089797	addons.webextension.screenshots@mozilla.org	WARN	Loading extension 'screenshots@mozilla.org': Reading manifest: Invalid extension permission: resource://pdf.js/
1566278089797	addons.webextension.screenshots@mozilla.org	WARN	Loading extension 'screenshots@mozilla.org': Reading manifest: Invalid extension permission: about:reader*
1566278091641	Marionette	INFO	Listening on port 53392
1566278091679	Marionette	WARN	TLS certificate errors will be ignored for this session
JavaScript warning: http://www.cn-healthcare.com/freezing/js/jquery-1.10.1.min.js, line 2: Using //@ to indicate sourceMappingURL pragmas is deprecated. Use //# instead
JavaScript warning: http://www.cn-healthcare.com/freezing/js/jquery-1.10.1.min.js, line 2: Using //@ to indicate sourceMappingURL pragmas is deprecated. Use //# instead
console.error: BroadcastService: 
  receivedBroadcastMessage: handler for
  remote-settings/monitor_changes
  threw error:
  Message: Error: Polling for changes failed: http://%(server)s/dummy/blocklist//buckets/monitor/collections/changes/records?_expected=%221566233826256%22 is not a valid URL..
  Stack:
    remoteSettingsFunction/remoteSettings.pollChanges@resource://services-settings/remote-settings.js:201:13

console.error: BroadcastService: 
  receivedBroadcastMessage: handler for
  remote-settings/monitor_changes
  threw error:
  Message: Error: Polling for changes failed: http://%(server)s/dummy/blocklist//buckets/monitor/collections/changes/records?_expected=%221566233826256%22 is not a valid URL..
  Stack:
    remoteSettingsFunction/remoteSettings.pollChanges@resource://services-settings/remote-settings.js:201:13

JavaScript warning: http://www.cn-healthcare.com/freezing/js/jquery-1.10.1.min.js, line 2: Using //@ to indicate sourceMappingURL pragmas is deprecated. Use //# instead
JavaScript warning: http://www.cn-healthcare.com/freezing/js/jquery-1.10.1.min.js, line 2: Using //@ to indicate sourceMappingURL pragmas is deprecated. Use //# instead
JavaScript warning: http://www.cn-healthcare.com/freezing/js/jquery-1.10.1.min.js, line 2: Using //@ to indicate sourceMappingURL pragmas is deprecated. Use //# instead
JavaScript warning: http://www.cn-healthcare.com/freezing/js/jquery-1.10.1.min.js, line 2: Using //@ to indicate sourceMappingURL pragmas is deprecated. Use //# instead
JavaScript warning: http://www.cn-healthcare.com/freezing/js/jquery-1.10.1.min.js, line 2: Using //@ to indicate sourceMappingURL pragmas is deprecated. Use //# instead
JavaScript warning: http://www.cn-healthcare.com/freezing/js/jquery-1.10.1.min.js, line 2: Using //@ to indicate sourceMappingURL pragmas is deprecated. Use //# instead
JavaScript warning: http://www.cn-healthcare.com/freezing/js/jquery-1.10.1.min.js, line 2: Using //@ to indicate sourceMappingURL pragmas is deprecated. Use //# instead
JavaScript warning: http://www.cn-healthcare.com/freezing/js/jquery-1.10.1.min.js, line 2: Using //@ to indicate sourceMappingURL pragmas is deprecated. Use //# instead
JavaScript warning: http://www.cn-healthcare.com/freezing/js/jquery-1.10.1.min.js, line 2: Using //@ to indicate sourceMappingURL pragmas is deprecated. Use //# instead
JavaScript warning: http://www.cn-healthcare.com/freezing/js/jquery-1.10.1.min.js, line 2: Using //@ to indicate sourceMappingURL pragmas is deprecated. Use //# instead
1566279229087	mozrunner::runner	INFO	Running command: "/Applications/Firefox.app/Contents/MacOS/firefox-bin" "-marionette" "-foreground" "-no-remote" "-profile" "/var/folders/rq/vnqpbgxs43xdbspl7n25__zr0000gn/T/rust_mozprofile.NML3q9LROgzz"
1566279230303	addons.webextension.screenshots@mozilla.org	WARN	Loading extension 'screenshots@mozilla.org': Reading manifest: Invalid extension permission: mozillaAddons
1566279230303	addons.webextension.screenshots@mozilla.org	WARN	Loading extension 'screenshots@mozilla.org': Reading manifest: Invalid extension permission: telemetry
1566279230304	addons.webextension.screenshots@mozilla.org	WARN	Loading extension 'screenshots@mozilla.org': Reading manifest: Invalid extension permission: resource://pdf.js/
1566279230304	addons.webextension.screenshots@mozilla.org	WARN	Loading extension 'screenshots@mozilla.org': Reading manifest: Invalid extension permission: about:reader*
1566279233760	Marionette	INFO	Listening on port 53616
1566279233816	Marionette	WARN	TLS certificate errors will be ignored for this session
console.warn: "Error while detaching the thread front: 'detach' request packet to 'server1.conn0.child1/context18' can't be sent as the connection is closed."
[Parent 58173, Gecko_IOThread] WARNING: pipe error: Broken pipe: file /builds/worker/workspace/build/src/ipc/chromium/src/chrome/common/ipc_channel_posix.cc, line 727
1566279235850	Marionette	INFO	Stopped listening on port 53319
console.warn: "Error while detaching the thread front: 'detach' request packet to 'server1.conn0.child1/context18' can't be sent as the connection is closed."
1566279238127	Marionette	INFO	Stopped listening on port 53392
JavaScript warning: http://www.cn-healthcare.com/freezing/js/jquery-1.10.1.min.js, line 2: Using //@ to indicate sourceMappingURL pragmas is deprecated. Use //# instead
1566279249445	mozrunner::runner	INFO	Running command: "/Applications/Firefox.app/Contents/MacOS/firefox-bin" "-marionette" "-foreground" "-no-remote" "-profile" "/var/folders/rq/vnqpbgxs43xdbspl7n25__zr0000gn/T/rust_mozprofile.IuF9MgyRFyL7"
1566279250011	addons.webextension.screenshots@mozilla.org	WARN	Loading extension 'screenshots@mozilla.org': Reading manifest: Invalid extension permission: mozillaAddons
1566279250011	addons.webextension.screenshots@mozilla.org	WARN	Loading extension 'screenshots@mozilla.org': Reading manifest: Invalid extension permission: telemetry
1566279250012	addons.webextension.screenshots@mozilla.org	WARN	Loading extension 'screenshots@mozilla.org': Reading manifest: Invalid extension permission: resource://pdf.js/
1566279250012	addons.webextension.screenshots@mozilla.org	WARN	Loading extension 'screenshots@mozilla.org': Reading manifest: Invalid extension permission: about:reader*
1566279251931	Marionette	INFO	Listening on port 53710
1566279252017	Marionette	WARN	TLS certificate errors will be ignored for this session
JavaScript warning: http://www.cn-healthcare.com/freezing/js/jquery-1.10.1.min.js, line 2: Using //@ to indicate sourceMappingURL pragmas is deprecated. Use //# instead
[GFX1-]: Receive IPC close with reason=AbnormalShutdown
Exiting due to channel error.
[GFX1-]: Receive IPC close with reason=AbnormalShutdown
Exiting due to channel error.
Exiting due to channel error.
1566279311461	mozrunner::runner	INFO	Running command: "/Applications/Firefox.app/Contents/MacOS/firefox-bin" "-marionette" "-foreground" "-no-remote" "-profile" "/var/folders/rq/vnqpbgxs43xdbspl7n25__zr0000gn/T/rust_mozprofile.lZvZPQWDRpP3"
1566279312471	addons.webextension.screenshots@mozilla.org	WARN	Loading extension 'screenshots@mozilla.org': Reading manifest: Invalid extension permission: mozillaAddons
1566279312471	addons.webextension.screenshots@mozilla.org	WARN	Loading extension 'screenshots@mozilla.org': Reading manifest: Invalid extension permission: telemetry
1566279312471	addons.webextension.screenshots@mozilla.org	WARN	Loading extension 'screenshots@mozilla.org': Reading manifest: Invalid extension permission: resource://pdf.js/
1566279312471	addons.webextension.screenshots@mozilla.org	WARN	Loading extension 'screenshots@mozilla.org': Reading manifest: Invalid extension permission: about:reader*
1566279316157	Marionette	INFO	Listening on port 53783
1566279316232	Marionette	WARN	TLS certificate errors will be ignored for this session
JavaScript warning: http://www.cn-healthcare.com/freezing/js/jquery-1.10.1.min.js, line 2: Using //@ to indicate sourceMappingURL pragmas is deprecated. Use //# instead
console.error: BroadcastService: 
  receivedBroadcastMessage: handler for
  remote-settings/monitor_changes
  threw error:
  Message: Error: Polling for changes failed: http://%(server)s/dummy/blocklist//buckets/monitor/collections/changes/records?_expected=%221566233826256%22 is not a valid URL..
  Stack:
    remoteSettingsFunction/remoteSettings.pollChanges@resource://services-settings/remote-settings.js:201:13

console.error: BroadcastService: 
  receivedBroadcastMessage: handler for
  remote-settings/monitor_changes
  threw error:
  Message: Error: Polling for changes failed: http://%(server)s/dummy/blocklist//buckets/monitor/collections/changes/records?_expected=%221566233826256%22 is not a valid URL..
  Stack:
    remoteSettingsFunction/remoteSettings.pollChanges@resource://services-settings/remote-settings.js:201:13

Exiting due to channel error.
[GFX1-]: Receive IPC close with reason=AbnormalShutdown
[GFX1-]: Receive IPC close with reason=AbnormalShutdown
Exiting due to channel error.
[GFX1-]: Receive IPC close with reason=AbnormalShutdown
Exiting due to channel error.
Exiting due to channel error.
Exiting due to channel error.
1566360393764	mozrunner::runner	INFO	Running command: "/Applications/Firefox.app/Contents/MacOS/firefox-bin" "-marionette" "-foreground" "-no-remote" "-profile" "/var/folders/rq/vnqpbgxs43xdbspl7n25__zr0000gn/T/rust_mozprofile.GdP0Y4PHI3o5"
1566360395366	addons.webextension.screenshots@mozilla.org	WARN	Loading extension 'screenshots@mozilla.org': Reading manifest: Invalid extension permission: mozillaAddons
1566360395366	addons.webextension.screenshots@mozilla.org	WARN	Loading extension 'screenshots@mozilla.org': Reading manifest: Invalid extension permission: telemetry
1566360395366	addons.webextension.screenshots@mozilla.org	WARN	Loading extension 'screenshots@mozilla.org': Reading manifest: Invalid extension permission: resource://pdf.js/
1566360395366	addons.webextension.screenshots@mozilla.org	WARN	Loading extension 'screenshots@mozilla.org': Reading manifest: Invalid extension permission: about:reader*
1566360399944	Marionette	INFO	Listening on port 58085
1566360400051	Marionette	WARN	TLS certificate errors will be ignored for this session
JavaScript warning: http://www.cn-healthcare.com/freezing/js/jquery-1.10.1.min.js, line 2: Using //@ to indicate sourceMappingURL pragmas is deprecated. Use //# instead
1566360453604	mozrunner::runner	INFO	Running command: "/Applications/Firefox.app/Contents/MacOS/firefox-bin" "-marionette" "-foreground" "-no-remote" "-profile" "/var/folders/rq/vnqpbgxs43xdbspl7n25__zr0000gn/T/rust_mozprofile.oH3b3y58EY9T"
1566360454806	addons.webextension.screenshots@mozilla.org	WARN	Loading extension 'screenshots@mozilla.org': Reading manifest: Invalid extension permission: mozillaAddons
1566360454806	addons.webextension.screenshots@mozilla.org	WARN	Loading extension 'screenshots@mozilla.org': Reading manifest: Invalid extension permission: telemetry
1566360454806	addons.webextension.screenshots@mozilla.org	WARN	Loading extension 'screenshots@mozilla.org': Reading manifest: Invalid extension permission: resource://pdf.js/
1566360454807	addons.webextension.screenshots@mozilla.org	WARN	Loading extension 'screenshots@mozilla.org': Reading manifest: Invalid extension permission: about:reader*
1566360459054	Marionette	INFO	Listening on port 58177
1566360459078	Marionette	WARN	TLS certificate errors will be ignored for this session
JavaScript warning: http://www.cn-healthcare.com/freezing/js/jquery-1.10.1.min.js, line 2: Using //@ to indicate sourceMappingURL pragmas is deprecated. Use //# instead
Exiting due to channel error.
Exiting due to channel error.
Exiting due to channel error.
1566360692852	mozrunner::runner	INFO	Running command: "/Applications/Firefox.app/Contents/MacOS/firefox-bin" "-marionette" "-foreground" "-no-remote" "-profile" "/var/folders/rq/vnqpbgxs43xdbspl7n25__zr0000gn/T/rust_mozprofile.xv58nfVjdU1J"
1566360694095	addons.webextension.screenshots@mozilla.org	WARN	Loading extension 'screenshots@mozilla.org': Reading manifest: Invalid extension permission: mozillaAddons
1566360694095	addons.webextension.screenshots@mozilla.org	WARN	Loading extension 'screenshots@mozilla.org': Reading manifest: Invalid extension permission: telemetry
1566360694096	addons.webextension.screenshots@mozilla.org	WARN	Loading extension 'screenshots@mozilla.org': Reading manifest: Invalid extension permission: resource://pdf.js/
1566360694096	addons.webextension.screenshots@mozilla.org	WARN	Loading extension 'screenshots@mozilla.org': Reading manifest: Invalid extension permission: about:reader*
1566360698288	Marionette	INFO	Listening on port 58267
1566360698319	Marionette	WARN	TLS certificate errors will be ignored for this session
JavaScript warning: http://www.cn-healthcare.com/freezing/js/jquery-1.10.1.min.js, line 2: Using //@ to indicate sourceMappingURL pragmas is deprecated. Use //# instead
*************************
A coding exception was thrown in a Promise resolution callback.
See https://developer.mozilla.org/Mozilla/JavaScript_code_modules/Promise.jsm/Promise

Full message: TypeError: controllerWindow is null
Full stack: installController@resource://devtools/client/shared/undo.js:156:25
get undo@resource://devtools/client/inspector/markup/markup.js:197:18
get undo@resource://devtools/client/inspector/markup/views/markup-container.js:42:5
TextEditor/done/<@resource://devtools/client/inspector/markup/views/text-editor.js:47:9
process@resource://gre/modules/Promise-backend.js:923:38
walkerLoop@resource://gre/modules/Promise-backend.js:807:29
scheduleWalkerLoop/<@resource://gre/modules/Promise-backend.js:743:14

*************************
console.warn: "Error while detaching the thread front: 'detach' request packet to 'server1.conn0.child1/context18' can't be sent as the connection is closed."
console.error: BroadcastService: 
  receivedBroadcastMessage: handler for
  remote-settings/monitor_changes
  threw error:
  Message: Error: Polling for changes failed: http://%(server)s/dummy/blocklist//buckets/monitor/collections/changes/records?_expected=%221566233826256%22 is not a valid URL..
  Stack:
    remoteSettingsFunction/remoteSettings.pollChanges@resource://services-settings/remote-settings.js:201:13

1566360878985	mozrunner::runner	INFO	Running command: "/Applications/Firefox.app/Contents/MacOS/firefox-bin" "-marionette" "-foreground" "-no-remote" "-profile" "/var/folders/rq/vnqpbgxs43xdbspl7n25__zr0000gn/T/rust_mozprofile.J3r5ch2hudbZ"
1566360880215	addons.webextension.screenshots@mozilla.org	WARN	Loading extension 'screenshots@mozilla.org': Reading manifest: Invalid extension permission: mozillaAddons
1566360880215	addons.webextension.screenshots@mozilla.org	WARN	Loading extension 'screenshots@mozilla.org': Reading manifest: Invalid extension permission: telemetry
1566360880216	addons.webextension.screenshots@mozilla.org	WARN	Loading extension 'screenshots@mozilla.org': Reading manifest: Invalid extension permission: resource://pdf.js/
1566360880216	addons.webextension.screenshots@mozilla.org	WARN	Loading extension 'screenshots@mozilla.org': Reading manifest: Invalid extension permission: about:reader*
1566360884857	Marionette	INFO	Listening on port 58395
1566360884895	Marionette	WARN	TLS certificate errors will be ignored for this session
JavaScript warning: http://www.cn-healthcare.com/freezing/js/jquery-1.10.1.min.js, line 2: Using //@ to indicate sourceMappingURL pragmas is deprecated. Use //# instead
1566360916557	mozrunner::runner	INFO	Running command: "/Applications/Firefox.app/Contents/MacOS/firefox-bin" "-marionette" "-foreground" "-no-remote" "-profile" "/var/folders/rq/vnqpbgxs43xdbspl7n25__zr0000gn/T/rust_mozprofile.WQgQh9op7aUk"
1566360917921	addons.webextension.screenshots@mozilla.org	WARN	Loading extension 'screenshots@mozilla.org': Reading manifest: Invalid extension permission: mozillaAddons
1566360917921	addons.webextension.screenshots@mozilla.org	WARN	Loading extension 'screenshots@mozilla.org': Reading manifest: Invalid extension permission: telemetry
1566360917922	addons.webextension.screenshots@mozilla.org	WARN	Loading extension 'screenshots@mozilla.org': Reading manifest: Invalid extension permission: resource://pdf.js/
1566360917922	addons.webextension.screenshots@mozilla.org	WARN	Loading extension 'screenshots@mozilla.org': Reading manifest: Invalid extension permission: about:reader*
1566360922298	Marionette	INFO	Listening on port 58486
1566360922384	Marionette	WARN	TLS certificate errors will be ignored for this session
JavaScript warning: http://www.cn-healthcare.com/freezing/js/jquery-1.10.1.min.js, line 2: Using //@ to indicate sourceMappingURL pragmas is deprecated. Use //# instead
1566360929135	Marionette	WARN	TimedPromise timed out after 500 ms: stacktrace:
bail@chrome://marionette/content/sync.js:223:64
1566360955929	Marionette	INFO	Stopped listening on port 58085
[Parent 31087, Gecko_IOThread] WARNING: pipe error: Broken pipe: file /builds/worker/workspace/build/src/ipc/chromium/src/chrome/common/ipc_channel_posix.cc, line 727
1566360959079	Marionette	INFO	Stopped listening on port 58267
1566360961337	Marionette	INFO	Stopped listening on port 58395
1566360965078	Marionette	INFO	Stopped listening on port 58486
1566360984174	mozrunner::runner	INFO	Running command: "/Applications/Firefox.app/Contents/MacOS/firefox-bin" "-marionette" "-foreground" "-no-remote" "-profile" "/var/folders/rq/vnqpbgxs43xdbspl7n25__zr0000gn/T/rust_mozprofile.e6Q9XknIpiwZ"
1566360985333	addons.webextension.screenshots@mozilla.org	WARN	Loading extension 'screenshots@mozilla.org': Reading manifest: Invalid extension permission: mozillaAddons
1566360985333	addons.webextension.screenshots@mozilla.org	WARN	Loading extension 'screenshots@mozilla.org': Reading manifest: Invalid extension permission: telemetry
1566360985333	addons.webextension.screenshots@mozilla.org	WARN	Loading extension 'screenshots@mozilla.org': Reading manifest: Invalid extension permission: resource://pdf.js/
1566360985334	addons.webextension.screenshots@mozilla.org	WARN	Loading extension 'screenshots@mozilla.org': Reading manifest: Invalid extension permission: about:reader*
1566360989023	Marionette	INFO	Listening on port 58575
1566360989106	Marionette	WARN	TLS certificate errors will be ignored for this session
JavaScript warning: http://www.cn-healthcare.com/freezing/js/jquery-1.10.1.min.js, line 2: Using //@ to indicate sourceMappingURL pragmas is deprecated. Use //# instead
JavaScript warning: http://www.cn-healthcare.com/freezing/js/jquery-1.10.1.min.js, line 2: Using //@ to indicate sourceMappingURL pragmas is deprecated. Use //# instead
console.error: BroadcastService: 
  receivedBroadcastMessage: handler for
  remote-settings/monitor_changes
  threw error:
  Message: Error: Polling for changes failed: http://%(server)s/dummy/blocklist//buckets/monitor/collections/changes/records?_expected=%221566233826256%22 is not a valid URL..
  Stack:
    remoteSettingsFunction/remoteSettings.pollChanges@resource://services-settings/remote-settings.js:201:13

JavaScript warning: http://www.cn-healthcare.com/freezing/js/jquery-1.10.1.min.js, line 2: Using //@ to indicate sourceMappingURL pragmas is deprecated. Use //# instead
JavaScript warning: http://www.cn-healthcare.com/freezing/js/jquery-1.10.1.min.js, line 2: Using //@ to indicate sourceMappingURL pragmas is deprecated. Use //# instead
JavaScript warning: http://www.cn-healthcare.com/freezing/js/jquery-1.10.1.min.js, line 2: Using //@ to indicate sourceMappingURL pragmas is deprecated. Use //# instead
JavaScript warning: http://www.cn-healthcare.com/freezing/js/jquery-1.10.1.min.js, line 2: Using //@ to indicate sourceMappingURL pragmas is deprecated. Use //# instead
1566362545195	mozrunner::runner	INFO	Running command: "/Applications/Firefox.app/Contents/MacOS/firefox-bin" "-marionette" "-foreground" "-no-remote" "-profile" "/var/folders/rq/vnqpbgxs43xdbspl7n25__zr0000gn/T/rust_mozprofile.fr6pFpd6kKHL"
1566362545793	addons.webextension.screenshots@mozilla.org	WARN	Loading extension 'screenshots@mozilla.org': Reading manifest: Invalid extension permission: mozillaAddons
1566362545794	addons.webextension.screenshots@mozilla.org	WARN	Loading extension 'screenshots@mozilla.org': Reading manifest: Invalid extension permission: telemetry
1566362545794	addons.webextension.screenshots@mozilla.org	WARN	Loading extension 'screenshots@mozilla.org': Reading manifest: Invalid extension permission: resource://pdf.js/
1566362545794	addons.webextension.screenshots@mozilla.org	WARN	Loading extension 'screenshots@mozilla.org': Reading manifest: Invalid extension permission: about:reader*
1566362547634	Marionette	INFO	Listening on port 58775
1566362547697	Marionette	WARN	TLS certificate errors will be ignored for this session
JavaScript warning: http://www.cn-healthcare.com/freezing/js/jquery-1.10.1.min.js, line 2: Using //@ to indicate sourceMappingURL pragmas is deprecated. Use //# instead
console.warn: "Error while detaching the thread front: 'detach' request packet to 'server1.conn0.child1/context18' can't be sent as the connection is closed."
1566362552637	Marionette	INFO	Stopped listening on port 58575
JavaScript warning: http://www.cn-healthcare.com/freezing/js/jquery-1.10.1.min.js, line 2: Using //@ to indicate sourceMappingURL pragmas is deprecated. Use //# instead
JavaScript warning: http://www.cn-healthcare.com/freezing/js/jquery-1.10.1.min.js, line 2: Using //@ to indicate sourceMappingURL pragmas is deprecated. Use //# instead
JavaScript warning: http://www.cn-healthcare.com/freezing/js/jquery-1.10.1.min.js, line 2: Using //@ to indicate sourceMappingURL pragmas is deprecated. Use //# instead
1566362704071	mozrunner::runner	INFO	Running command: "/Applications/Firefox.app/Contents/MacOS/firefox-bin" "-marionette" "-foreground" "-no-remote" "-profile" "/var/folders/rq/vnqpbgxs43xdbspl7n25__zr0000gn/T/rust_mozprofile.sxUse5McwR0O"
1566362704590	addons.webextension.screenshots@mozilla.org	WARN	Loading extension 'screenshots@mozilla.org': Reading manifest: Invalid extension permission: mozillaAddons
1566362704590	addons.webextension.screenshots@mozilla.org	WARN	Loading extension 'screenshots@mozilla.org': Reading manifest: Invalid extension permission: telemetry
1566362704590	addons.webextension.screenshots@mozilla.org	WARN	Loading extension 'screenshots@mozilla.org': Reading manifest: Invalid extension permission: resource://pdf.js/
1566362704590	addons.webextension.screenshots@mozilla.org	WARN	Loading extension 'screenshots@mozilla.org': Reading manifest: Invalid extension permission: about:reader*
1566362706380	Marionette	INFO	Listening on port 58849
1566362706470	Marionette	WARN	TLS certificate errors will be ignored for this session
1566362709235	Marionette	INFO	Stopped listening on port 58775
JavaScript warning: http://www.cn-healthcare.com/freezing/js/jquery-1.10.1.min.js, line 2: Using //@ to indicate sourceMappingURL pragmas is deprecated. Use //# instead
JavaScript warning: http://www.cn-healthcare.com/freezing/js/jquery-1.10.1.min.js, line 2: Using //@ to indicate sourceMappingURL pragmas is deprecated. Use //# instead
JavaScript warning: http://www.cn-healthcare.com/freezing/js/jquery-1.10.1.min.js, line 2: Using //@ to indicate sourceMappingURL pragmas is deprecated. Use //# instead
JavaScript warning: http://www.cn-healthcare.com/freezing/js/jquery-1.10.1.min.js, line 2: Using //@ to indicate sourceMappingURL pragmas is deprecated. Use //# instead
[GFX1-]: Receive IPC close with reason=AbnormalShutdown
[Child 40151, Chrome_ChildThread] WARNING: pipe error: Broken pipe: file /builds/worker/workspace/build/src/ipc/chromium/src/chrome/common/ipc_channel_posix.cc, line 727
Exiting due to channel error.
[GFX1-]: Receive IPC close with reason=AbnormalShutdown
Exiting due to channel error.
[GFX1-]: Receive IPC close with reason=AbnormalShutdown
Exiting due to channel error.
1566362740734	mozrunner::runner	INFO	Running command: "/Applications/Firefox.app/Contents/MacOS/firefox-bin" "-marionette" "-foreground" "-no-remote" "-profile" "/var/folders/rq/vnqpbgxs43xdbspl7n25__zr0000gn/T/rust_mozprofile.bx91R7Boa1YN"
1566362741319	addons.webextension.screenshots@mozilla.org	WARN	Loading extension 'screenshots@mozilla.org': Reading manifest: Invalid extension permission: mozillaAddons
1566362741319	addons.webextension.screenshots@mozilla.org	WARN	Loading extension 'screenshots@mozilla.org': Reading manifest: Invalid extension permission: telemetry
1566362741319	addons.webextension.screenshots@mozilla.org	WARN	Loading extension 'screenshots@mozilla.org': Reading manifest: Invalid extension permission: resource://pdf.js/
1566362741320	addons.webextension.screenshots@mozilla.org	WARN	Loading extension 'screenshots@mozilla.org': Reading manifest: Invalid extension permission: about:reader*
1566362743196	Marionette	INFO	Listening on port 58914
1566362743224	Marionette	WARN	TLS certificate errors will be ignored for this session
JavaScript warning: http://www.cn-healthcare.com/freezing/js/jquery-1.10.1.min.js, line 2: Using //@ to indicate sourceMappingURL pragmas is deprecated. Use //# instead
JavaScript warning: http://www.cn-healthcare.com/freezing/js/jquery-1.10.1.min.js, line 2: Using //@ to indicate sourceMappingURL pragmas is deprecated. Use //# instead
JavaScript warning: http://www.cn-healthcare.com/freezing/js/jquery-1.10.1.min.js, line 2: Using //@ to indicate sourceMappingURL pragmas is deprecated. Use //# instead
JavaScript warning: http://www.cn-healthcare.com/freezing/js/jquery-1.10.1.min.js, line 2: Using //@ to indicate sourceMappingURL pragmas is deprecated. Use //# instead
[GFX1-]: Receive IPC close with reason=AbnormalShutdown
Exiting due to channel error.
[GFX1-]: Receive IPC close with reason=AbnormalShutdown
Exiting due to channel error.
[GFX1-]: Receive IPC close with reason=AbnormalShutdown
[Child 40208, Chrome_ChildThread] WARNING: pipe error: Broken pipe: file /builds/worker/workspace/build/src/ipc/chromium/src/chrome/common/ipc_channel_posix.cc, line 727
Exiting due to channel error.
1566362759757	mozrunner::runner	INFO	Running command: "/Applications/Firefox.app/Contents/MacOS/firefox-bin" "-marionette" "-foreground" "-no-remote" "-profile" "/var/folders/rq/vnqpbgxs43xdbspl7n25__zr0000gn/T/rust_mozprofile.KHGm0tDjqoQW"
1566362760274	addons.webextension.screenshots@mozilla.org	WARN	Loading extension 'screenshots@mozilla.org': Reading manifest: Invalid extension permission: mozillaAddons
1566362760274	addons.webextension.screenshots@mozilla.org	WARN	Loading extension 'screenshots@mozilla.org': Reading manifest: Invalid extension permission: telemetry
1566362760275	addons.webextension.screenshots@mozilla.org	WARN	Loading extension 'screenshots@mozilla.org': Reading manifest: Invalid extension permission: resource://pdf.js/
1566362760275	addons.webextension.screenshots@mozilla.org	WARN	Loading extension 'screenshots@mozilla.org': Reading manifest: Invalid extension permission: about:reader*
1566362762209	Marionette	INFO	Listening on port 58979
1566362762255	Marionette	WARN	TLS certificate errors will be ignored for this session
JavaScript warning: http://www.cn-healthcare.com/freezing/js/jquery-1.10.1.min.js, line 2: Using //@ to indicate sourceMappingURL pragmas is deprecated. Use //# instead
1566362768359	Marionette	WARN	TimedPromise timed out after 500 ms: stacktrace:
bail@chrome://marionette/content/sync.js:223:64
console.error: BroadcastService: 
  receivedBroadcastMessage: handler for
  remote-settings/monitor_changes
  threw error:
  Message: Error: Polling for changes failed: http://%(server)s/dummy/blocklist//buckets/monitor/collections/changes/records?_expected=%221566233826256%22 is not a valid URL..
  Stack:
    remoteSettingsFunction/remoteSettings.pollChanges@resource://services-settings/remote-settings.js:201:13

1566363050158	mozrunner::runner	INFO	Running command: "/Applications/Firefox.app/Contents/MacOS/firefox-bin" "-marionette" "-foreground" "-no-remote" "-profile" "/var/folders/rq/vnqpbgxs43xdbspl7n25__zr0000gn/T/rust_mozprofile.qIpgFSA4XQ5c"
1566363050697	addons.webextension.screenshots@mozilla.org	WARN	Loading extension 'screenshots@mozilla.org': Reading manifest: Invalid extension permission: mozillaAddons
1566363050697	addons.webextension.screenshots@mozilla.org	WARN	Loading extension 'screenshots@mozilla.org': Reading manifest: Invalid extension permission: telemetry
1566363050697	addons.webextension.screenshots@mozilla.org	WARN	Loading extension 'screenshots@mozilla.org': Reading manifest: Invalid extension permission: resource://pdf.js/
1566363050697	addons.webextension.screenshots@mozilla.org	WARN	Loading extension 'screenshots@mozilla.org': Reading manifest: Invalid extension permission: about:reader*
1566363052570	Marionette	INFO	Listening on port 59092
1566363052646	Marionette	WARN	TLS certificate errors will be ignored for this session
JavaScript warning: http://www.cn-healthcare.com/freezing/js/jquery-1.10.1.min.js, line 2: Using //@ to indicate sourceMappingURL pragmas is deprecated. Use //# instead
JavaScript warning: http://www.cn-healthcare.com/freezing/js/jquery-1.10.1.min.js, line 2: Using //@ to indicate sourceMappingURL pragmas is deprecated. Use //# instead
JavaScript warning: http://www.cn-healthcare.com/freezing/js/jquery-1.10.1.min.js, line 2: Using //@ to indicate sourceMappingURL pragmas is deprecated. Use //# instead
JavaScript warning: http://www.cn-healthcare.com/freezing/js/jquery-1.10.1.min.js, line 2: Using //@ to indicate sourceMappingURL pragmas is deprecated. Use //# instead
1566363165775	mozrunner::runner	INFO	Running command: "/Applications/Firefox.app/Contents/MacOS/firefox-bin" "-marionette" "-foreground" "-no-remote" "-profile" "/var/folders/rq/vnqpbgxs43xdbspl7n25__zr0000gn/T/rust_mozprofile.Ce18LIGJb4jY"
1566363166356	addons.webextension.screenshots@mozilla.org	WARN	Loading extension 'screenshots@mozilla.org': Reading manifest: Invalid extension permission: mozillaAddons
1566363166356	addons.webextension.screenshots@mozilla.org	WARN	Loading extension 'screenshots@mozilla.org': Reading manifest: Invalid extension permission: telemetry
1566363166357	addons.webextension.screenshots@mozilla.org	WARN	Loading extension 'screenshots@mozilla.org': Reading manifest: Invalid extension permission: resource://pdf.js/
1566363166357	addons.webextension.screenshots@mozilla.org	WARN	Loading extension 'screenshots@mozilla.org': Reading manifest: Invalid extension permission: about:reader*
1566363168166	Marionette	INFO	Listening on port 59165
1566363168265	Marionette	WARN	TLS certificate errors will be ignored for this session
JavaScript warning: http://www.cn-healthcare.com/freezing/js/jquery-1.10.1.min.js, line 2: Using //@ to indicate sourceMappingURL pragmas is deprecated. Use //# instead
JavaScript warning: http://www.cn-healthcare.com/freezing/js/jquery-1.10.1.min.js, line 2: Using //@ to indicate sourceMappingURL pragmas is deprecated. Use //# instead
JavaScript warning: http://www.cn-healthcare.com/freezing/js/jquery-1.10.1.min.js, line 2: Using //@ to indicate sourceMappingURL pragmas is deprecated. Use //# instead
JavaScript warning: http://www.cn-healthcare.com/freezing/js/jquery-1.10.1.min.js, line 2: Using //@ to indicate sourceMappingURL pragmas is deprecated. Use //# instead
JavaScript warning: http://www.cn-healthcare.com/freezing/js/jquery-1.10.1.min.js, line 2: Using //@ to indicate sourceMappingURL pragmas is deprecated. Use //# instead
JavaScript warning: http://www.cn-healthcare.com/freezing/js/jquery-1.10.1.min.js, line 2: Using //@ to indicate sourceMappingURL pragmas is deprecated. Use //# instead
JavaScript warning: http://www.cn-healthcare.com/freezing/js/jquery-1.10.1.min.js, line 2: Using //@ to indicate sourceMappingURL pragmas is deprecated. Use //# instead
1566363284408	mozrunner::runner	INFO	Running command: "/Applications/Firefox.app/Contents/MacOS/firefox-bin" "-marionette" "-foreground" "-no-remote" "-profile" "/var/folders/rq/vnqpbgxs43xdbspl7n25__zr0000gn/T/rust_mozprofile.id30kL9BuDY6"
1566363285018	addons.webextension.screenshots@mozilla.org	WARN	Loading extension 'screenshots@mozilla.org': Reading manifest: Invalid extension permission: mozillaAddons
1566363285019	addons.webextension.screenshots@mozilla.org	WARN	Loading extension 'screenshots@mozilla.org': Reading manifest: Invalid extension permission: telemetry
1566363285019	addons.webextension.screenshots@mozilla.org	WARN	Loading extension 'screenshots@mozilla.org': Reading manifest: Invalid extension permission: resource://pdf.js/
1566363285019	addons.webextension.screenshots@mozilla.org	WARN	Loading extension 'screenshots@mozilla.org': Reading manifest: Invalid extension permission: about:reader*
1566363287008	Marionette	INFO	Listening on port 59239
1566363287072	Marionette	WARN	TLS certificate errors will be ignored for this session
JavaScript warning: http://www.cn-healthcare.com/freezing/js/jquery-1.10.1.min.js, line 2: Using //@ to indicate sourceMappingURL pragmas is deprecated. Use //# instead
[Parent 40256, Gecko_IOThread] WARNING: pipe error: Broken pipe: file /builds/worker/workspace/build/src/ipc/chromium/src/chrome/common/ipc_channel_posix.cc, line 727
1566363292330	Marionette	INFO	Stopped listening on port 58979
JavaScript warning: http://www.cn-healthcare.com/freezing/js/jquery-1.10.1.min.js, line 2: Using //@ to indicate sourceMappingURL pragmas is deprecated. Use //# instead
JavaScript warning: file:///Users/liyufeng/Downloads/ceshi/%E4%BC%9A%E5%91%98%E7%AE%A1%E7%90%86-%E4%B8%AA%E4%BA%BA%E4%BF%A1%E6%81%AF_files/jquery-1.js, line 2: Using //@ to indicate sourceMappingURL pragmas is deprecated. Use //# instead
JavaScript warning: file:///Users/liyufeng/Downloads/ceshi/%E4%BC%9A%E5%91%98%E7%AE%A1%E7%90%86-%E4%B8%AA%E4%BA%BA%E4%BF%A1%E6%81%AF_files/jquery-1.js, line 2: Using //@ to indicate sourceMappingURL pragmas is deprecated. Use //# instead
1566363294621	Marionette	INFO	Stopped listening on port 59092
1566363299218	Marionette	INFO	Stopped listening on port 59165
console.error: BroadcastService: 
  receivedBroadcastMessage: handler for
  remote-settings/monitor_changes
  threw error:
  Message: Error: Polling for changes failed: http://%(server)s/dummy/blocklist//buckets/monitor/collections/changes/records?_expected=%221566233826256%22 is not a valid URL..
  Stack:
    remoteSettingsFunction/remoteSettings.pollChanges@resource://services-settings/remote-settings.js:201:13

[GFX1-]: Receive IPC close with reason=AbnormalShutdown
Exiting due to channel error.
Exiting due to channel error.
[GFX1-]: Receive IPC close with reason=AbnormalShutdown
Exiting due to channel error.
1566363436989	mozrunner::runner	INFO	Running command: "/Applications/Firefox.app/Contents/MacOS/firefox-bin" "-marionette" "-foreground" "-no-remote" "-profile" "/var/folders/rq/vnqpbgxs43xdbspl7n25__zr0000gn/T/rust_mozprofile.bDecYvzFvDc3"
1566363437561	addons.webextension.screenshots@mozilla.org	WARN	Loading extension 'screenshots@mozilla.org': Reading manifest: Invalid extension permission: mozillaAddons
1566363437561	addons.webextension.screenshots@mozilla.org	WARN	Loading extension 'screenshots@mozilla.org': Reading manifest: Invalid extension permission: telemetry
1566363437561	addons.webextension.screenshots@mozilla.org	WARN	Loading extension 'screenshots@mozilla.org': Reading manifest: Invalid extension permission: resource://pdf.js/
1566363437561	addons.webextension.screenshots@mozilla.org	WARN	Loading extension 'screenshots@mozilla.org': Reading manifest: Invalid extension permission: about:reader*
1566363439302	Marionette	INFO	Listening on port 60561
1566363439379	Marionette	WARN	TLS certificate errors will be ignored for this session
JavaScript warning: http://www.cn-healthcare.com/freezing/js/jquery-1.10.1.min.js, line 2: Using //@ to indicate sourceMappingURL pragmas is deprecated. Use //# instead
JavaScript warning: http://www.cn-healthcare.com/freezing/js/jquery-1.10.1.min.js, line 2: Using //@ to indicate sourceMappingURL pragmas is deprecated. Use //# instead
JavaScript warning: file:///Users/liyufeng/Downloads/ceshi/%E4%BC%9A%E5%91%98%E7%AE%A1%E7%90%86-%E4%B8%AA%E4%BA%BA%E4%BF%A1%E6%81%AF_files/jquery-1.js, line 2: Using //@ to indicate sourceMappingURL pragmas is deprecated. Use //# instead
JavaScript warning: file:///Users/liyufeng/Downloads/ceshi/%E4%BC%9A%E5%91%98%E7%AE%A1%E7%90%86-%E4%B8%AA%E4%BA%BA%E4%BF%A1%E6%81%AF_files/jquery-1.js, line 2: Using //@ to indicate sourceMappingURL pragmas is deprecated. Use //# instead
console.error: BroadcastService: 
  receivedBroadcastMessage: handler for
  remote-settings/monitor_changes
  threw error:
  Message: Error: Polling for changes failed: http://%(server)s/dummy/blocklist//buckets/monitor/collections/changes/records?_expected=%221566233826256%22 is not a valid URL..
  Stack:
    remoteSettingsFunction/remoteSettings.pollChanges@resource://services-settings/remote-settings.js:201:13

JavaScript warning: file:///Users/liyufeng/Downloads/ceshi/%E4%BC%9A%E5%91%98%E7%AE%A1%E7%90%86-%E4%B8%AA%E4%BA%BA%E4%BF%A1%E6%81%AF_files/jquery-1.js, line 2: Using //@ to indicate sourceMappingURL pragmas is deprecated. Use //# instead
JavaScript warning: file:///Users/liyufeng/Downloads/ceshi/%E4%BC%9A%E5%91%98%E7%AE%A1%E7%90%86-%E4%B8%AA%E4%BA%BA%E4%BF%A1%E6%81%AF_files/jquery-1.js, line 2: Using //@ to indicate sourceMappingURL pragmas is deprecated. Use //# instead
1566363556733	mozrunner::runner	INFO	Running command: "/Applications/Firefox.app/Contents/MacOS/firefox-bin" "-marionette" "-foreground" "-no-remote" "-profile" "/var/folders/rq/vnqpbgxs43xdbspl7n25__zr0000gn/T/rust_mozprofile.GBGjEVQzzfnc"
1566363557306	addons.webextension.screenshots@mozilla.org	WARN	Loading extension 'screenshots@mozilla.org': Reading manifest: Invalid extension permission: mozillaAddons
1566363557306	addons.webextension.screenshots@mozilla.org	WARN	Loading extension 'screenshots@mozilla.org': Reading manifest: Invalid extension permission: telemetry
1566363557307	addons.webextension.screenshots@mozilla.org	WARN	Loading extension 'screenshots@mozilla.org': Reading manifest: Invalid extension permission: resource://pdf.js/
1566363557307	addons.webextension.screenshots@mozilla.org	WARN	Loading extension 'screenshots@mozilla.org': Reading manifest: Invalid extension permission: about:reader*
1566363559124	Marionette	INFO	Listening on port 60627
1566363559220	Marionette	WARN	TLS certificate errors will be ignored for this session
JavaScript warning: http://www.cn-healthcare.com/freezing/js/jquery-1.10.1.min.js, line 2: Using //@ to indicate sourceMappingURL pragmas is deprecated. Use //# instead
JavaScript warning: http://www.cn-healthcare.com/freezing/js/jquery-1.10.1.min.js, line 2: Using //@ to indicate sourceMappingURL pragmas is deprecated. Use //# instead
JavaScript warning: file:///Users/liyufeng/Downloads/ceshi/%E4%BC%9A%E5%91%98%E7%AE%A1%E7%90%86-%E4%B8%AA%E4%BA%BA%E4%BF%A1%E6%81%AF_files/jquery-1.js, line 2: Using //@ to indicate sourceMappingURL pragmas is deprecated. Use //# instead
JavaScript warning: file:///Users/liyufeng/Downloads/ceshi/%E4%BC%9A%E5%91%98%E7%AE%A1%E7%90%86-%E4%B8%AA%E4%BA%BA%E4%BF%A1%E6%81%AF_files/jquery-1.js, line 2: Using //@ to indicate sourceMappingURL pragmas is deprecated. Use //# instead
console.error: BroadcastService: 
  receivedBroadcastMessage: handler for
  remote-settings/monitor_changes
  threw error:
  Message: Error: Polling for changes failed: http://%(server)s/dummy/blocklist//buckets/monitor/collections/changes/records?_expected=%221566233826256%22 is not a valid URL..
  Stack:
    remoteSettingsFunction/remoteSettings.pollChanges@resource://services-settings/remote-settings.js:201:13

1566364267266	mozrunner::runner	INFO	Running command: "/Applications/Firefox.app/Contents/MacOS/firefox-bin" "-marionette" "-foreground" "-no-remote" "-profile" "/var/folders/rq/vnqpbgxs43xdbspl7n25__zr0000gn/T/rust_mozprofile.SYkYIWB4fjVv"
1566364267808	addons.webextension.screenshots@mozilla.org	WARN	Loading extension 'screenshots@mozilla.org': Reading manifest: Invalid extension permission: mozillaAddons
1566364267808	addons.webextension.screenshots@mozilla.org	WARN	Loading extension 'screenshots@mozilla.org': Reading manifest: Invalid extension permission: telemetry
1566364267808	addons.webextension.screenshots@mozilla.org	WARN	Loading extension 'screenshots@mozilla.org': Reading manifest: Invalid extension permission: resource://pdf.js/
1566364267808	addons.webextension.screenshots@mozilla.org	WARN	Loading extension 'screenshots@mozilla.org': Reading manifest: Invalid extension permission: about:reader*
1566364269770	Marionette	INFO	Listening on port 60725
1566364269869	Marionette	WARN	TLS certificate errors will be ignored for this session
JavaScript warning: http://www.cn-healthcare.com/freezing/js/jquery-1.10.1.min.js, line 2: Using //@ to indicate sourceMappingURL pragmas is deprecated. Use //# instead
1566364275876	Marionette	WARN	TimedPromise timed out after 500 ms: stacktrace:
bail@chrome://marionette/content/sync.js:223:64
1566364307961	mozrunner::runner	INFO	Running command: "/Applications/Firefox.app/Contents/MacOS/firefox-bin" "-marionette" "-foreground" "-no-remote" "-profile" "/var/folders/rq/vnqpbgxs43xdbspl7n25__zr0000gn/T/rust_mozprofile.zoqcQnrbJicc"
1566364308523	addons.webextension.screenshots@mozilla.org	WARN	Loading extension 'screenshots@mozilla.org': Reading manifest: Invalid extension permission: mozillaAddons
1566364308523	addons.webextension.screenshots@mozilla.org	WARN	Loading extension 'screenshots@mozilla.org': Reading manifest: Invalid extension permission: telemetry
1566364308523	addons.webextension.screenshots@mozilla.org	WARN	Loading extension 'screenshots@mozilla.org': Reading manifest: Invalid extension permission: resource://pdf.js/
1566364308523	addons.webextension.screenshots@mozilla.org	WARN	Loading extension 'screenshots@mozilla.org': Reading manifest: Invalid extension permission: about:reader*
1566364310537	Marionette	INFO	Listening on port 60789
1566364310562	Marionette	WARN	TLS certificate errors will be ignored for this session
JavaScript warning: http://www.cn-healthcare.com/freezing/js/jquery-1.10.1.min.js, line 2: Using //@ to indicate sourceMappingURL pragmas is deprecated. Use //# instead
JavaScript warning: http://www.cn-healthcare.com/freezing/js/jquery-1.10.1.min.js, line 2: Using //@ to indicate sourceMappingURL pragmas is deprecated. Use //# instead
JavaScript warning: file:///Users/liyufeng/Downloads/ceshi/%E4%BC%9A%E5%91%98%E7%AE%A1%E7%90%86-%E4%B8%AA%E4%BA%BA%E4%BF%A1%E6%81%AF_files/jquery-1.js, line 2: Using //@ to indicate sourceMappingURL pragmas is deprecated. Use //# instead
JavaScript warning: file:///Users/liyufeng/Downloads/ceshi/%E4%BC%9A%E5%91%98%E7%AE%A1%E7%90%86-%E4%B8%AA%E4%BA%BA%E4%BF%A1%E6%81%AF_files/jquery-1.js, line 2: Using //@ to indicate sourceMappingURL pragmas is deprecated. Use //# instead
console.error: BroadcastService: 
  receivedBroadcastMessage: handler for
  remote-settings/monitor_changes
  threw error:
  Message: Error: Polling for changes failed: http://%(server)s/dummy/blocklist//buckets/monitor/collections/changes/records?_expected=%221566233826256%22 is not a valid URL..
  Stack:
    remoteSettingsFunction/remoteSettings.pollChanges@resource://services-settings/remote-settings.js:201:13

console.error: BroadcastService: 
  receivedBroadcastMessage: handler for
  remote-settings/monitor_changes
  threw error:
  Message: Error: Polling for changes failed: http://%(server)s/dummy/blocklist//buckets/monitor/collections/changes/records?_expected=%221566233826256%22 is not a valid URL..
  Stack:
    remoteSettingsFunction/remoteSettings.pollChanges@resource://services-settings/remote-settings.js:201:13

[GFX1-]: Receive IPC close with reason=AbnormalShutdown
[GFX1-]: Receive IPC close with reason=AbnormalShutdown
[Child 42665, Chrome_ChildThread] WARNING: pipe error: Broken pipe: file /builds/worker/workspace/build/src/ipc/chromium/src/chrome/common/ipc_channel_posix.cc, line 727
Exiting due to channel error.
Exiting due to channel error.
[GFX1-]: Receive IPC close with reason=AbnormalShutdown
Exiting due to channel error.
1566364475198	mozrunner::runner	INFO	Running command: "/Applications/Firefox.app/Contents/MacOS/firefox-bin" "-marionette" "-foreground" "-no-remote" "-profile" "/var/folders/rq/vnqpbgxs43xdbspl7n25__zr0000gn/T/rust_mozprofile.wtSQZCLdOPob"
1566364475804	addons.webextension.screenshots@mozilla.org	WARN	Loading extension 'screenshots@mozilla.org': Reading manifest: Invalid extension permission: mozillaAddons
1566364475804	addons.webextension.screenshots@mozilla.org	WARN	Loading extension 'screenshots@mozilla.org': Reading manifest: Invalid extension permission: telemetry
1566364475805	addons.webextension.screenshots@mozilla.org	WARN	Loading extension 'screenshots@mozilla.org': Reading manifest: Invalid extension permission: resource://pdf.js/
1566364475805	addons.webextension.screenshots@mozilla.org	WARN	Loading extension 'screenshots@mozilla.org': Reading manifest: Invalid extension permission: about:reader*
1566364477627	Marionette	INFO	Listening on port 60857
1566364477706	Marionette	WARN	TLS certificate errors will be ignored for this session
JavaScript warning: http://www.cn-healthcare.com/freezing/js/jquery-1.10.1.min.js, line 2: Using //@ to indicate sourceMappingURL pragmas is deprecated. Use //# instead
JavaScript warning: http://www.cn-healthcare.com/freezing/js/jquery-1.10.1.min.js, line 2: Using //@ to indicate sourceMappingURL pragmas is deprecated. Use //# instead
JavaScript warning: file:///Users/liyufeng/Downloads/ceshi/%E4%BC%9A%E5%91%98%E7%AE%A1%E7%90%86-%E4%B8%AA%E4%BA%BA%E4%BF%A1%E6%81%AF_files/jquery-1.js, line 2: Using //@ to indicate sourceMappingURL pragmas is deprecated. Use //# instead
JavaScript warning: file:///Users/liyufeng/Downloads/ceshi/%E4%BC%9A%E5%91%98%E7%AE%A1%E7%90%86-%E4%B8%AA%E4%BA%BA%E4%BF%A1%E6%81%AF_files/jquery-1.js, line 2: Using //@ to indicate sourceMappingURL pragmas is deprecated. Use //# instead
JavaScript error: resource:///actors/NetErrorChild.jsm, line 697: TypeError: docShell.failedChannel is null
console.error: BroadcastService: 
  receivedBroadcastMessage: handler for
  remote-settings/monitor_changes
  threw error:
  Message: Error: Polling for changes failed: http://%(server)s/dummy/blocklist//buckets/monitor/collections/changes/records?_expected=%221566233826256%22 is not a valid URL..
  Stack:
    remoteSettingsFunction/remoteSettings.pollChanges@resource://services-settings/remote-settings.js:201:13

1566364577180	mozrunner::runner	INFO	Running command: "/Applications/Firefox.app/Contents/MacOS/firefox-bin" "-marionette" "-foreground" "-no-remote" "-profile" "/var/folders/rq/vnqpbgxs43xdbspl7n25__zr0000gn/T/rust_mozprofile.PQiHcWTEWREp"
1566364577728	addons.webextension.screenshots@mozilla.org	WARN	Loading extension 'screenshots@mozilla.org': Reading manifest: Invalid extension permission: mozillaAddons
1566364577728	addons.webextension.screenshots@mozilla.org	WARN	Loading extension 'screenshots@mozilla.org': Reading manifest: Invalid extension permission: telemetry
1566364577729	addons.webextension.screenshots@mozilla.org	WARN	Loading extension 'screenshots@mozilla.org': Reading manifest: Invalid extension permission: resource://pdf.js/
1566364577729	addons.webextension.screenshots@mozilla.org	WARN	Loading extension 'screenshots@mozilla.org': Reading manifest: Invalid extension permission: about:reader*
1566364579553	Marionette	INFO	Listening on port 60921
1566364579597	Marionette	WARN	TLS certificate errors will be ignored for this session
JavaScript warning: http://www.cn-healthcare.com/freezing/js/jquery-1.10.1.min.js, line 2: Using //@ to indicate sourceMappingURL pragmas is deprecated. Use //# instead
console.warn: "Error while detaching the thread front: 'detach' request packet to 'server1.conn0.child1/context18' can't be sent as the connection is closed."
1566364584305	Marionette	INFO	Stopped listening on port 60561
[Parent 41521, Gecko_IOThread] WARNING: pipe error: Broken pipe: file /builds/worker/workspace/build/src/ipc/chromium/src/chrome/common/ipc_channel_posix.cc, line 727
1566364586320	Marionette	INFO	Stopped listening on port 60627
JavaScript warning: http://www.cn-healthcare.com/freezing/js/jquery-1.10.1.min.js, line 2: Using //@ to indicate sourceMappingURL pragmas is deprecated. Use //# instead
[Parent 42600, Gecko_IOThread] WARNING: pipe error: Broken pipe: file /builds/worker/workspace/build/src/ipc/chromium/src/chrome/common/ipc_channel_posix.cc, line 727
1566364588217	Marionette	INFO	Stopped listening on port 60725
1566364590372	Marionette	INFO	Stopped listening on port 60857
JavaScript warning: http://www.cn-healthcare.com/freezing/js/jquery-1.10.1.min.js, line 2: Using //@ to indicate sourceMappingURL pragmas is deprecated. Use //# instead
JavaScript warning: http://www.cn-healthcare.com/freezing/js/jquery-1.10.1.min.js, line 2: Using //@ to indicate sourceMappingURL pragmas is deprecated. Use //# instead
JavaScript warning: http://www.cn-healthcare.com/freezing/js/jquery-1.10.1.min.js, line 2: Using //@ to indicate sourceMappingURL pragmas is deprecated. Use //# instead
[GFX1-]: Receive IPC close with reason=AbnormalShutdown
Exiting due to channel error.
[GFX1-]: Receive IPC close with reason=AbnormalShutdown
[Child 43112, Chrome_ChildThread] WARNING: pipe error: Broken pipe: file /builds/worker/workspace/build/src/ipc/chromium/src/chrome/common/ipc_channel_posix.cc, line 727
Exiting due to channel error.
[GFX1-]: Receive IPC close with reason=AbnormalShutdown
Exiting due to channel error.
1566364656039	mozrunner::runner	INFO	Running command: "/Applications/Firefox.app/Contents/MacOS/firefox-bin" "-marionette" "-foreground" "-no-remote" "-profile" "/var/folders/rq/vnqpbgxs43xdbspl7n25__zr0000gn/T/rust_mozprofile.ucQWgqh0fsHW"
1566364659895	mozrunner::runner	INFO	Running command: "/Applications/Firefox.app/Contents/MacOS/firefox-bin" "-marionette" "-foreground" "-no-remote" "-profile" "/var/folders/rq/vnqpbgxs43xdbspl7n25__zr0000gn/T/rust_mozprofile.Ef1HX6J0k133"
1566364660450	addons.webextension.screenshots@mozilla.org	WARN	Loading extension 'screenshots@mozilla.org': Reading manifest: Invalid extension permission: mozillaAddons
1566364660450	addons.webextension.screenshots@mozilla.org	WARN	Loading extension 'screenshots@mozilla.org': Reading manifest: Invalid extension permission: telemetry
1566364660451	addons.webextension.screenshots@mozilla.org	WARN	Loading extension 'screenshots@mozilla.org': Reading manifest: Invalid extension permission: resource://pdf.js/
1566364660451	addons.webextension.screenshots@mozilla.org	WARN	Loading extension 'screenshots@mozilla.org': Reading manifest: Invalid extension permission: about:reader*
1566364662197	Marionette	INFO	Listening on port 62491
1566364662276	Marionette	WARN	TLS certificate errors will be ignored for this session
JavaScript warning: http://www.cn-healthcare.com/freezing/js/jquery-1.10.1.min.js, line 2: Using //@ to indicate sourceMappingURL pragmas is deprecated. Use //# instead
JavaScript warning: http://www.cn-healthcare.com/freezing/js/jquery-1.10.1.min.js, line 2: Using //@ to indicate sourceMappingURL pragmas is deprecated. Use //# instead
JavaScript warning: http://www.cn-healthcare.com/freezing/js/jquery-1.10.1.min.js, line 2: Using //@ to indicate sourceMappingURL pragmas is deprecated. Use //# instead
JavaScript warning: http://www.cn-healthcare.com/freezing/js/jquery-1.10.1.min.js, line 2: Using //@ to indicate sourceMappingURL pragmas is deprecated. Use //# instead
JavaScript warning: http://www.cn-healthcare.com/freezing/js/jquery-1.10.1.min.js, line 2: Using //@ to indicate sourceMappingURL pragmas is deprecated. Use //# instead
JavaScript warning: http://www.cn-healthcare.com/freezing/js/jquery-1.10.1.min.js, line 2: Using //@ to indicate sourceMappingURL pragmas is deprecated. Use //# instead
JavaScript warning: http://www.cn-healthcare.com/freezing/js/jquery-1.10.1.min.js, line 2: Using //@ to indicate sourceMappingURL pragmas is deprecated. Use //# instead
JavaScript warning: http://www.cn-healthcare.com/freezing/js/jquery-1.10.1.min.js, line 2: Using //@ to indicate sourceMappingURL pragmas is deprecated. Use //# instead
JavaScript warning: http://www.cn-healthcare.com/freezing/js/jquery-1.10.1.min.js, line 2: Using //@ to indicate sourceMappingURL pragmas is deprecated. Use //# instead
JavaScript warning: http://www.cn-healthcare.com/freezing/js/jquery-1.10.1.min.js, line 2: Using //@ to indicate sourceMappingURL pragmas is deprecated. Use //# instead
1566364712483	mozrunner::runner	INFO	Running command: "/Applications/Firefox.app/Contents/MacOS/firefox-bin" "-marionette" "-foreground" "-no-remote" "-profile" "/var/folders/rq/vnqpbgxs43xdbspl7n25__zr0000gn/T/rust_mozprofile.MShVutGjQhFF"
1566364713015	addons.webextension.screenshots@mozilla.org	WARN	Loading extension 'screenshots@mozilla.org': Reading manifest: Invalid extension permission: mozillaAddons
1566364713015	addons.webextension.screenshots@mozilla.org	WARN	Loading extension 'screenshots@mozilla.org': Reading manifest: Invalid extension permission: telemetry
1566364713016	addons.webextension.screenshots@mozilla.org	WARN	Loading extension 'screenshots@mozilla.org': Reading manifest: Invalid extension permission: resource://pdf.js/
1566364713016	addons.webextension.screenshots@mozilla.org	WARN	Loading extension 'screenshots@mozilla.org': Reading manifest: Invalid extension permission: about:reader*
1566364714779	Marionette	INFO	Listening on port 62563
1566364714860	Marionette	WARN	TLS certificate errors will be ignored for this session
1566364717930	Marionette	INFO	Stopped listening on port 62491
JavaScript warning: http://www.cn-healthcare.com/freezing/js/jquery-1.10.1.min.js, line 2: Using //@ to indicate sourceMappingURL pragmas is deprecated. Use //# instead
JavaScript warning: http://www.cn-healthcare.com/freezing/js/jquery-1.10.1.min.js, line 2: Using //@ to indicate sourceMappingURL pragmas is deprecated. Use //# instead
Exiting due to channel error.
[GFX1-]: Receive IPC close with reason=AbnormalShutdown
Exiting due to channel error.
[Child 43351, Chrome_ChildThread] WARNING: pipe error: Broken pipe: file /builds/worker/workspace/build/src/ipc/chromium/src/chrome/common/ipc_channel_posix.cc, line 727
Exiting due to channel error.
1566385086189	mozrunner::runner	INFO	Running command: "/Applications/Firefox.app/Contents/MacOS/firefox-bin" "-marionette" "-foreground" "-no-remote" "-profile" "/var/folders/rq/vnqpbgxs43xdbspl7n25__zr0000gn/T/rust_mozprofile.oES00gb0MG5k"
1566385087353	addons.webextension.screenshots@mozilla.org	WARN	Loading extension 'screenshots@mozilla.org': Reading manifest: Invalid extension permission: mozillaAddons
1566385087353	addons.webextension.screenshots@mozilla.org	WARN	Loading extension 'screenshots@mozilla.org': Reading manifest: Invalid extension permission: telemetry
1566385087353	addons.webextension.screenshots@mozilla.org	WARN	Loading extension 'screenshots@mozilla.org': Reading manifest: Invalid extension permission: resource://pdf.js/
1566385087353	addons.webextension.screenshots@mozilla.org	WARN	Loading extension 'screenshots@mozilla.org': Reading manifest: Invalid extension permission: about:reader*
1566385089636	Marionette	INFO	Listening on port 50282
1566385089721	Marionette	WARN	TLS certificate errors will be ignored for this session
console.warn: LoginRecipes: "getRecipes: falling back to a synchronous message for:" "https://pan.baidu.com"
console.warn: LoginRecipes: "getRecipes: falling back to a synchronous message for:" "https://pan.baidu.com"
console.warn: LoginRecipes: "getRecipes: falling back to a synchronous message for:" "https://pan.baidu.com"
console.error: "Error while calling actor 'domwalker's method 'documentElement'" "can't access dead object"
console.error: "documentElement@resource://devtools/server/actors/inspector/walker.js:500:1\nhandler@resource://devtools/shared/protocol.js:1189:37\nonPacket@resource://devtools/server/main.js:1291:58\nreceiveMessage@resource://devtools/shared/transport/child-transport.js:66:16\n"
console.error: "Protocol error (unknownError): can't access dead object"
console.warn: LoginRecipes: "getRecipes: falling back to a synchronous message for:" "https://pan.baidu.com"
Exiting due to channel error.
[GFX1-]: Receive IPC close with reason=AbnormalShutdown
Exiting due to channel error.
[GFX1-]: Receive IPC close with reason=AbnormalShutdown
Exiting due to channel error.
1566385290242	mozrunner::runner	INFO	Running command: "/Applications/Firefox.app/Contents/MacOS/firefox-bin" "-marionette" "-foreground" "-no-remote" "-profile" "/var/folders/rq/vnqpbgxs43xdbspl7n25__zr0000gn/T/rust_mozprofile.1q7HGy1d0Oad"
1566385290824	addons.webextension.screenshots@mozilla.org	WARN	Loading extension 'screenshots@mozilla.org': Reading manifest: Invalid extension permission: mozillaAddons
1566385290825	addons.webextension.screenshots@mozilla.org	WARN	Loading extension 'screenshots@mozilla.org': Reading manifest: Invalid extension permission: telemetry
1566385290825	addons.webextension.screenshots@mozilla.org	WARN	Loading extension 'screenshots@mozilla.org': Reading manifest: Invalid extension permission: resource://pdf.js/
1566385290825	addons.webextension.screenshots@mozilla.org	WARN	Loading extension 'screenshots@mozilla.org': Reading manifest: Invalid extension permission: about:reader*
1566385292748	Marionette	INFO	Listening on port 50378
1566385292801	Marionette	WARN	TLS certificate errors will be ignored for this session
1566385356418	mozrunner::runner	INFO	Running command: "/Applications/Firefox.app/Contents/MacOS/firefox-bin" "-marionette" "-foreground" "-no-remote" "-profile" "/var/folders/rq/vnqpbgxs43xdbspl7n25__zr0000gn/T/rust_mozprofile.GxxvUupT3mqW"
1566385357026	addons.webextension.screenshots@mozilla.org	WARN	Loading extension 'screenshots@mozilla.org': Reading manifest: Invalid extension permission: mozillaAddons
1566385357026	addons.webextension.screenshots@mozilla.org	WARN	Loading extension 'screenshots@mozilla.org': Reading manifest: Invalid extension permission: telemetry
1566385357026	addons.webextension.screenshots@mozilla.org	WARN	Loading extension 'screenshots@mozilla.org': Reading manifest: Invalid extension permission: resource://pdf.js/
1566385357026	addons.webextension.screenshots@mozilla.org	WARN	Loading extension 'screenshots@mozilla.org': Reading manifest: Invalid extension permission: about:reader*
1566385358870	Marionette	INFO	Listening on port 50457
1566385358893	Marionette	WARN	TLS certificate errors will be ignored for this session
JavaScript error: https://pan.baidu.com/sns/box-static/disk-share/js/mod.js?t=1563938744629, line 1: Error: Cannot find module `disk-share:widget/system/errorMsg/errorMsg.js`
1566385384402	mozrunner::runner	INFO	Running command: "/Applications/Firefox.app/Contents/MacOS/firefox-bin" "-marionette" "-foreground" "-no-remote" "-profile" "/var/folders/rq/vnqpbgxs43xdbspl7n25__zr0000gn/T/rust_mozprofile.qhzHl5sDg8bJ"
1566385384935	addons.webextension.screenshots@mozilla.org	WARN	Loading extension 'screenshots@mozilla.org': Reading manifest: Invalid extension permission: mozillaAddons
1566385384935	addons.webextension.screenshots@mozilla.org	WARN	Loading extension 'screenshots@mozilla.org': Reading manifest: Invalid extension permission: telemetry
1566385384935	addons.webextension.screenshots@mozilla.org	WARN	Loading extension 'screenshots@mozilla.org': Reading manifest: Invalid extension permission: resource://pdf.js/
1566385384936	addons.webextension.screenshots@mozilla.org	WARN	Loading extension 'screenshots@mozilla.org': Reading manifest: Invalid extension permission: about:reader*
1566385386737	Marionette	INFO	Listening on port 50523
1566385386786	Marionette	WARN	TLS certificate errors will be ignored for this session
console.error: BroadcastService: 
  receivedBroadcastMessage: handler for
  remote-settings/monitor_changes
  threw error:
  Message: Error: Polling for changes failed: http://%(server)s/dummy/blocklist//buckets/monitor/collections/changes/records?_expected=%221566233826256%22 is not a valid URL..
  Stack:
    remoteSettingsFunction/remoteSettings.pollChanges@resource://services-settings/remote-settings.js:201:13

console.error: BroadcastService: 
  receivedBroadcastMessage: handler for
  remote-settings/monitor_changes
  threw error:
  Message: Error: Polling for changes failed: http://%(server)s/dummy/blocklist//buckets/monitor/collections/changes/records?_expected=%221566233826256%22 is not a valid URL..
  Stack:
    remoteSettingsFunction/remoteSettings.pollChanges@resource://services-settings/remote-settings.js:201:13

console.error: BroadcastService: 
  receivedBroadcastMessage: handler for
  remote-settings/monitor_changes
  threw error:
  Message: Error: Polling for changes failed: http://%(server)s/dummy/blocklist//buckets/monitor/collections/changes/records?_expected=%221566233826256%22 is not a valid URL..
  Stack:
    remoteSettingsFunction/remoteSettings.pollChanges@resource://services-settings/remote-settings.js:201:13

console.warn: "Error while detaching the thread front: 'detach' request packet to 'server1.conn0.child1/context18' can't be sent as the connection is closed."
1566387362020	Marionette	INFO	Stopped listening on port 50523
1566387363538	Marionette	INFO	Stopped listening on port 50457
1566387365205	Marionette	INFO	Stopped listening on port 50378
1566387443300	mozrunner::runner	INFO	Running command: "/Applications/Firefox.app/Contents/MacOS/firefox-bin" "-marionette" "-foreground" "-no-remote" "-profile" "/var/folders/rq/vnqpbgxs43xdbspl7n25__zr0000gn/T/rust_mozprofile.GsZ3B36Ziaq0"
1566387444481	addons.webextension.screenshots@mozilla.org	WARN	Loading extension 'screenshots@mozilla.org': Reading manifest: Invalid extension permission: mozillaAddons
1566387444481	addons.webextension.screenshots@mozilla.org	WARN	Loading extension 'screenshots@mozilla.org': Reading manifest: Invalid extension permission: telemetry
1566387444482	addons.webextension.screenshots@mozilla.org	WARN	Loading extension 'screenshots@mozilla.org': Reading manifest: Invalid extension permission: resource://pdf.js/
1566387444482	addons.webextension.screenshots@mozilla.org	WARN	Loading extension 'screenshots@mozilla.org': Reading manifest: Invalid extension permission: about:reader*
1566387448411	Marionette	INFO	Listening on port 50753
1566387448466	Marionette	WARN	TLS certificate errors will be ignored for this session
JavaScript warning: https://wappass.baidu.com/static/touch/js/lib/fingerprint.js, line 1: Error: WebGL warning: linkProgram: Must have a compiled vertex shader attached.
JavaScript warning: https://wappass.baidu.com/static/touch/js/lib/fingerprint.js, line 1: Error: WebGL warning: useProgram: Program has not been successfully linked.
JavaScript warning: https://wappass.baidu.com/static/touch/js/lib/fingerprint.js, line 1: Error: WebGL warning: getAttribLocation: `program` must be linked.
JavaScript warning: https://wappass.baidu.com/static/touch/js/lib/fingerprint.js, line 1: Error: WebGL warning: getUniformLocation: `program` must be linked.
JavaScript warning: https://wappass.baidu.com/static/touch/js/lib/fingerprint.js, line 1: Error: WebGL warning: vertexAttribPointer: -1 is not a valid `index`. This value probably comes from a getAttribLocation() call, where this return value -1 means that the passed name didn't correspond to an active attribute in the specified program.
JavaScript warning: https://wappass.baidu.com/static/touch/js/lib/fingerprint.js, line 1: Error: WebGL warning: drawArrays: The current program is not linked.
console.warn: LoginRecipes: "getRecipes: falling back to a synchronous message for:" "https://www.baidu.com"
console.warn: nsLoginManager: "searchLogins: `formSubmitURL` or `httpRealm` is recommended"
console.warn: LoginRecipes: "getRecipes: falling back to a synchronous message for:" "https://www.baidu.com"
console.warn: nsLoginManager: "searchLogins: `formSubmitURL` or `httpRealm` is recommended"
console.error: BroadcastService: 
  receivedBroadcastMessage: handler for
  remote-settings/monitor_changes
  threw error:
  Message: Error: Polling for changes failed: http://%(server)s/dummy/blocklist//buckets/monitor/collections/changes/records?_expected=%221566233826256%22 is not a valid URL..
  Stack:
    remoteSettingsFunction/remoteSettings.pollChanges@resource://services-settings/remote-settings.js:201:13

console.warn: LoginRecipes: "getRecipes: falling back to a synchronous message for:" "https://www.baidu.com"
console.warn: nsLoginManager: "searchLogins: `formSubmitURL` or `httpRealm` is recommended"
console.warn: "Error while detaching the thread front: 'detach' request packet to 'server1.conn0.child1/context18' can't be sent as the connection is closed."
Exiting due to channel error.
[GFX1-]: Receive IPC close with reason=AbnormalShutdown
[Child 80040, Chrome_ChildThread] WARNING: pipe error: Broken pipe: file /builds/worker/workspace/build/src/ipc/chromium/src/chrome/common/ipc_channel_posix.cc, line 727
Exiting due to channel error.
1566387989216	mozrunner::runner	INFO	Running command: "/Applications/Firefox.app/Contents/MacOS/firefox-bin" "-marionette" "-foreground" "-no-remote" "-profile" "/var/folders/rq/vnqpbgxs43xdbspl7n25__zr0000gn/T/rust_mozprofile.nb6oonUrPBM1"
1566387990410	addons.webextension.screenshots@mozilla.org	WARN	Loading extension 'screenshots@mozilla.org': Reading manifest: Invalid extension permission: mozillaAddons
1566387990410	addons.webextension.screenshots@mozilla.org	WARN	Loading extension 'screenshots@mozilla.org': Reading manifest: Invalid extension permission: telemetry
1566387990410	addons.webextension.screenshots@mozilla.org	WARN	Loading extension 'screenshots@mozilla.org': Reading manifest: Invalid extension permission: resource://pdf.js/
1566387990410	addons.webextension.screenshots@mozilla.org	WARN	Loading extension 'screenshots@mozilla.org': Reading manifest: Invalid extension permission: about:reader*
1566387994887	Marionette	INFO	Listening on port 51010
1566387995030	Marionette	WARN	TLS certificate errors will be ignored for this session
JavaScript warning: https://wappass.baidu.com/static/touch/js/lib/fingerprint.js, line 1: Error: WebGL warning: linkProgram: Must have a compiled vertex shader attached.
JavaScript warning: https://wappass.baidu.com/static/touch/js/lib/fingerprint.js, line 1: Error: WebGL warning: useProgram: Program has not been successfully linked.
JavaScript warning: https://wappass.baidu.com/static/touch/js/lib/fingerprint.js, line 1: Error: WebGL warning: getAttribLocation: `program` must be linked.
JavaScript warning: https://wappass.baidu.com/static/touch/js/lib/fingerprint.js, line 1: Error: WebGL warning: getUniformLocation: `program` must be linked.
JavaScript warning: https://wappass.baidu.com/static/touch/js/lib/fingerprint.js, line 1: Error: WebGL warning: vertexAttribPointer: -1 is not a valid `index`. This value probably comes from a getAttribLocation() call, where this return value -1 means that the passed name didn't correspond to an active attribute in the specified program.
JavaScript warning: https://wappass.baidu.com/static/touch/js/lib/fingerprint.js, line 1: Error: WebGL warning: drawArrays: The current program is not linked.
1566388077798	mozrunner::runner	INFO	Running command: "/Applications/Firefox.app/Contents/MacOS/firefox-bin" "-marionette" "-foreground" "-no-remote" "-profile" "/var/folders/rq/vnqpbgxs43xdbspl7n25__zr0000gn/T/rust_mozprofile.5JTnOu9pT5Hc"
1566388078633	addons.webextension.screenshots@mozilla.org	WARN	Loading extension 'screenshots@mozilla.org': Reading manifest: Invalid extension permission: mozillaAddons
1566388078633	addons.webextension.screenshots@mozilla.org	WARN	Loading extension 'screenshots@mozilla.org': Reading manifest: Invalid extension permission: telemetry
1566388078633	addons.webextension.screenshots@mozilla.org	WARN	Loading extension 'screenshots@mozilla.org': Reading manifest: Invalid extension permission: resource://pdf.js/
1566388078634	addons.webextension.screenshots@mozilla.org	WARN	Loading extension 'screenshots@mozilla.org': Reading manifest: Invalid extension permission: about:reader*
1566388082565	Marionette	INFO	Listening on port 51135
1566388082652	Marionette	WARN	TLS certificate errors will be ignored for this session
JavaScript error: https://ss1.bdstatic.com/5eN1bjq8AAUYm2zgoY3K/r/www/cache/static/protocol/https/plugins/every_cookie_mac_82990d4.js, line 4: ReferenceError: c is not defined
JavaScript warning: https://wappass.baidu.com/static/touch/js/lib/fingerprint.js, line 1: Error: WebGL warning: linkProgram: Must have a compiled vertex shader attached.
JavaScript warning: https://wappass.baidu.com/static/touch/js/lib/fingerprint.js, line 1: Error: WebGL warning: useProgram: Program has not been successfully linked.
JavaScript warning: https://wappass.baidu.com/static/touch/js/lib/fingerprint.js, line 1: Error: WebGL warning: getAttribLocation: `program` must be linked.
JavaScript warning: https://wappass.baidu.com/static/touch/js/lib/fingerprint.js, line 1: Error: WebGL warning: getUniformLocation: `program` must be linked.
JavaScript warning: https://wappass.baidu.com/static/touch/js/lib/fingerprint.js, line 1: Error: WebGL warning: vertexAttribPointer: -1 is not a valid `index`. This value probably comes from a getAttribLocation() call, where this return value -1 means that the passed name didn't correspond to an active attribute in the specified program.
JavaScript warning: https://wappass.baidu.com/static/touch/js/lib/fingerprint.js, line 1: Error: WebGL warning: drawArrays: The current program is not linked.
console.warn: "Error while detaching the thread front: 'detach' request packet to 'server1.conn0.child1/context18' can't be sent as the connection is closed."
1566388114153	Marionette	INFO	Stopped listening on port 51010
[Parent 90101, Gecko_IOThread] WARNING: pipe error: Broken pipe: file /builds/worker/workspace/build/src/ipc/chromium/src/chrome/common/ipc_channel_posix.cc, line 727
1566388117911	Marionette	INFO	Stopped listening on port 51135
1566388124666	mozrunner::runner	INFO	Running command: "/Applications/Firefox.app/Contents/MacOS/firefox-bin" "-marionette" "-foreground" "-no-remote" "-profile" "/var/folders/rq/vnqpbgxs43xdbspl7n25__zr0000gn/T/rust_mozprofile.BMvn8FZQOOJi"
1566388125637	addons.webextension.screenshots@mozilla.org	WARN	Loading extension 'screenshots@mozilla.org': Reading manifest: Invalid extension permission: mozillaAddons
1566388125638	addons.webextension.screenshots@mozilla.org	WARN	Loading extension 'screenshots@mozilla.org': Reading manifest: Invalid extension permission: telemetry
1566388125638	addons.webextension.screenshots@mozilla.org	WARN	Loading extension 'screenshots@mozilla.org': Reading manifest: Invalid extension permission: resource://pdf.js/
1566388125638	addons.webextension.screenshots@mozilla.org	WARN	Loading extension 'screenshots@mozilla.org': Reading manifest: Invalid extension permission: about:reader*
1566388129341	Marionette	INFO	Listening on port 51250
1566388129407	Marionette	WARN	TLS certificate errors will be ignored for this session
JavaScript warning: https://wappass.baidu.com/static/touch/js/lib/fingerprint.js, line 1: Error: WebGL warning: linkProgram: Must have a compiled vertex shader attached.
JavaScript warning: https://wappass.baidu.com/static/touch/js/lib/fingerprint.js, line 1: Error: WebGL warning: useProgram: Program has not been successfully linked.
JavaScript warning: https://wappass.baidu.com/static/touch/js/lib/fingerprint.js, line 1: Error: WebGL warning: getAttribLocation: `program` must be linked.
JavaScript warning: https://wappass.baidu.com/static/touch/js/lib/fingerprint.js, line 1: Error: WebGL warning: getUniformLocation: `program` must be linked.
JavaScript warning: https://wappass.baidu.com/static/touch/js/lib/fingerprint.js, line 1: Error: WebGL warning: vertexAttribPointer: -1 is not a valid `index`. This value probably comes from a getAttribLocation() call, where this return value -1 means that the passed name didn't correspond to an active attribute in the specified program.
JavaScript warning: https://wappass.baidu.com/static/touch/js/lib/fingerprint.js, line 1: Error: WebGL warning: drawArrays: The current program is not linked.
console.error: BroadcastService: 
  receivedBroadcastMessage: handler for
  remote-settings/monitor_changes
  threw error:
  Message: Error: Polling for changes failed: http://%(server)s/dummy/blocklist//buckets/monitor/collections/changes/records?_expected=%221566233826256%22 is not a valid URL..
  Stack:
    remoteSettingsFunction/remoteSettings.pollChanges@resource://services-settings/remote-settings.js:201:13

[GFX1-]: Receive IPC close with reason=AbnormalShutdown
[Child 91233, Chrome_ChildThread] WARNING: pipe error: Broken pipe: file /builds/worker/workspace/build/src/ipc/chromium/src/chrome/common/ipc_channel_posix.cc, line 727
Exiting due to channel error.
[GFX1-]: Receive IPC close with reason=AbnormalShutdown
Exiting due to channel error.
[GFX1-]: Receive IPC close with reason=AbnormalShutdown
Exiting due to channel error.
1566388176431	mozrunner::runner	INFO	Running command: "/Applications/Firefox.app/Contents/MacOS/firefox-bin" "-marionette" "-foreground" "-no-remote" "-profile" "/var/folders/rq/vnqpbgxs43xdbspl7n25__zr0000gn/T/rust_mozprofile.dAnPuVAcmwIW"
1566388177315	addons.webextension.screenshots@mozilla.org	WARN	Loading extension 'screenshots@mozilla.org': Reading manifest: Invalid extension permission: mozillaAddons
1566388177316	addons.webextension.screenshots@mozilla.org	WARN	Loading extension 'screenshots@mozilla.org': Reading manifest: Invalid extension permission: telemetry
1566388177316	addons.webextension.screenshots@mozilla.org	WARN	Loading extension 'screenshots@mozilla.org': Reading manifest: Invalid extension permission: resource://pdf.js/
1566388177316	addons.webextension.screenshots@mozilla.org	WARN	Loading extension 'screenshots@mozilla.org': Reading manifest: Invalid extension permission: about:reader*
1566388180963	Marionette	INFO	Listening on port 51371
1566388181104	Marionette	WARN	TLS certificate errors will be ignored for this session
JavaScript warning: https://wappass.baidu.com/static/touch/js/lib/fingerprint.js, line 1: Error: WebGL warning: linkProgram: Must have a compiled vertex shader attached.
JavaScript warning: https://wappass.baidu.com/static/touch/js/lib/fingerprint.js, line 1: Error: WebGL warning: useProgram: Program has not been successfully linked.
JavaScript warning: https://wappass.baidu.com/static/touch/js/lib/fingerprint.js, line 1: Error: WebGL warning: getAttribLocation: `program` must be linked.
JavaScript warning: https://wappass.baidu.com/static/touch/js/lib/fingerprint.js, line 1: Error: WebGL warning: getUniformLocation: `program` must be linked.
JavaScript warning: https://wappass.baidu.com/static/touch/js/lib/fingerprint.js, line 1: Error: WebGL warning: vertexAttribPointer: -1 is not a valid `index`. This value probably comes from a getAttribLocation() call, where this return value -1 means that the passed name didn't correspond to an active attribute in the specified program.
JavaScript warning: https://wappass.baidu.com/static/touch/js/lib/fingerprint.js, line 1: Error: WebGL warning: drawArrays: The current program is not linked.
JavaScript warning: https://wappass.baidu.com/static/touch/js/lib/fingerprint.js, line 1: Error: WebGL warning: linkProgram: Must have a compiled vertex shader attached.
JavaScript warning: https://wappass.baidu.com/static/touch/js/lib/fingerprint.js, line 1: Error: WebGL warning: useProgram: Program has not been successfully linked.
JavaScript warning: https://wappass.baidu.com/static/touch/js/lib/fingerprint.js, line 1: Error: WebGL warning: getAttribLocation: `program` must be linked.
JavaScript warning: https://wappass.baidu.com/static/touch/js/lib/fingerprint.js, line 1: Error: WebGL warning: getUniformLocation: `program` must be linked.
JavaScript warning: https://wappass.baidu.com/static/touch/js/lib/fingerprint.js, line 1: Error: WebGL warning: vertexAttribPointer: -1 is not a valid `index`. This value probably comes from a getAttribLocation() call, where this return value -1 means that the passed name didn't correspond to an active attribute in the specified program.
JavaScript warning: https://wappass.baidu.com/static/touch/js/lib/fingerprint.js, line 1: Error: WebGL warning: drawArrays: The current program is not linked.
Exiting due to channel error.
[GFX1-]: Receive IPC close with reason=AbnormalShutdown
Exiting due to channel error.
[GFX1-]: Receive IPC close with reason=AbnormalShutdown
Exiting due to channel error.
1566388436063	mozrunner::runner	INFO	Running command: "/Applications/Firefox.app/Contents/MacOS/firefox-bin" "-marionette" "-foreground" "-no-remote" "-profile" "/var/folders/rq/vnqpbgxs43xdbspl7n25__zr0000gn/T/rust_mozprofile.QhGH020tDq9M"
1566388436968	addons.webextension.screenshots@mozilla.org	WARN	Loading extension 'screenshots@mozilla.org': Reading manifest: Invalid extension permission: mozillaAddons
1566388436969	addons.webextension.screenshots@mozilla.org	WARN	Loading extension 'screenshots@mozilla.org': Reading manifest: Invalid extension permission: telemetry
1566388436969	addons.webextension.screenshots@mozilla.org	WARN	Loading extension 'screenshots@mozilla.org': Reading manifest: Invalid extension permission: resource://pdf.js/
1566388436970	addons.webextension.screenshots@mozilla.org	WARN	Loading extension 'screenshots@mozilla.org': Reading manifest: Invalid extension permission: about:reader*
1566388440649	Marionette	INFO	Listening on port 51530
1566388440696	Marionette	WARN	TLS certificate errors will be ignored for this session
JavaScript warning: https://wappass.baidu.com/static/touch/js/lib/fingerprint.js, line 1: Error: WebGL warning: linkProgram: Must have a compiled vertex shader attached.
JavaScript warning: https://wappass.baidu.com/static/touch/js/lib/fingerprint.js, line 1: Error: WebGL warning: useProgram: Program has not been successfully linked.
JavaScript warning: https://wappass.baidu.com/static/touch/js/lib/fingerprint.js, line 1: Error: WebGL warning: getAttribLocation: `program` must be linked.
JavaScript warning: https://wappass.baidu.com/static/touch/js/lib/fingerprint.js, line 1: Error: WebGL warning: getUniformLocation: `program` must be linked.
JavaScript warning: https://wappass.baidu.com/static/touch/js/lib/fingerprint.js, line 1: Error: WebGL warning: vertexAttribPointer: -1 is not a valid `index`. This value probably comes from a getAttribLocation() call, where this return value -1 means that the passed name didn't correspond to an active attribute in the specified program.
JavaScript warning: https://wappass.baidu.com/static/touch/js/lib/fingerprint.js, line 1: Error: WebGL warning: drawArrays: The current program is not linked.
JavaScript warning: https://wappass.baidu.com/static/touch/js/lib/fingerprint.js, line 1: Error: WebGL warning: linkProgram: Must have a compiled vertex shader attached.
JavaScript warning: https://wappass.baidu.com/static/touch/js/lib/fingerprint.js, line 1: Error: WebGL warning: useProgram: Program has not been successfully linked.
JavaScript warning: https://wappass.baidu.com/static/touch/js/lib/fingerprint.js, line 1: Error: WebGL warning: getAttribLocation: `program` must be linked.
JavaScript warning: https://wappass.baidu.com/static/touch/js/lib/fingerprint.js, line 1: Error: WebGL warning: getUniformLocation: `program` must be linked.
JavaScript warning: https://wappass.baidu.com/static/touch/js/lib/fingerprint.js, line 1: Error: WebGL warning: vertexAttribPointer: -1 is not a valid `index`. This value probably comes from a getAttribLocation() call, where this return value -1 means that the passed name didn't correspond to an active attribute in the specified program.
JavaScript warning: https://wappass.baidu.com/static/touch/js/lib/fingerprint.js, line 1: Error: WebGL warning: drawArrays: The current program is not linked.
console.error: BroadcastService: 
  receivedBroadcastMessage: handler for
  remote-settings/monitor_changes
  threw error:
  Message: Error: Polling for changes failed: http://%(server)s/dummy/blocklist//buckets/monitor/collections/changes/records?_expected=%221566233826256%22 is not a valid URL..
  Stack:
    remoteSettingsFunction/remoteSettings.pollChanges@resource://services-settings/remote-settings.js:201:13

[Parent 97571, Gecko_IOThread] WARNING: pipe error: Broken pipe: file /builds/worker/workspace/build/src/ipc/chromium/src/chrome/common/ipc_channel_posix.cc, line 727
1566388661677	Marionette	INFO	Stopped listening on port 51530
1566390900757	mozrunner::runner	INFO	Running command: "/Applications/Firefox.app/Contents/MacOS/firefox-bin" "-marionette" "-foreground" "-no-remote" "-profile" "/var/folders/rq/vnqpbgxs43xdbspl7n25__zr0000gn/T/rust_mozprofile.hHPgSIPHAKEN"
1566390901474	addons.webextension.screenshots@mozilla.org	WARN	Loading extension 'screenshots@mozilla.org': Reading manifest: Invalid extension permission: mozillaAddons
1566390901474	addons.webextension.screenshots@mozilla.org	WARN	Loading extension 'screenshots@mozilla.org': Reading manifest: Invalid extension permission: telemetry
1566390901474	addons.webextension.screenshots@mozilla.org	WARN	Loading extension 'screenshots@mozilla.org': Reading manifest: Invalid extension permission: resource://pdf.js/
1566390901474	addons.webextension.screenshots@mozilla.org	WARN	Loading extension 'screenshots@mozilla.org': Reading manifest: Invalid extension permission: about:reader*
1566390903392	Marionette	INFO	Listening on port 51896
1566390903453	Marionette	WARN	TLS certificate errors will be ignored for this session
JavaScript warning: https://wappass.baidu.com/static/touch/js/lib/fingerprint.js, line 1: Error: WebGL warning: linkProgram: Must have a compiled vertex shader attached.
JavaScript warning: https://wappass.baidu.com/static/touch/js/lib/fingerprint.js, line 1: Error: WebGL warning: useProgram: Program has not been successfully linked.
JavaScript warning: https://wappass.baidu.com/static/touch/js/lib/fingerprint.js, line 1: Error: WebGL warning: getAttribLocation: `program` must be linked.
JavaScript warning: https://wappass.baidu.com/static/touch/js/lib/fingerprint.js, line 1: Error: WebGL warning: getUniformLocation: `program` must be linked.
JavaScript warning: https://wappass.baidu.com/static/touch/js/lib/fingerprint.js, line 1: Error: WebGL warning: vertexAttribPointer: -1 is not a valid `index`. This value probably comes from a getAttribLocation() call, where this return value -1 means that the passed name didn't correspond to an active attribute in the specified program.
JavaScript warning: https://wappass.baidu.com/static/touch/js/lib/fingerprint.js, line 1: Error: WebGL warning: drawArrays: The current program is not linked.
console.error: BroadcastService: 
  receivedBroadcastMessage: handler for
  remote-settings/monitor_changes
  threw error:
  Message: Error: Polling for changes failed: http://%(server)s/dummy/blocklist//buckets/monitor/collections/changes/records?_expected=%221566233826256%22 is not a valid URL..
  Stack:
    remoteSettingsFunction/remoteSettings.pollChanges@resource://services-settings/remote-settings.js:201:13

